2025-07-31 06:28:01 - signals - INFO - [logger.py:159] - SIGNAL_GENERATED | Pair: GBP/JPY | Direction: CALL | Confidence: 88.5% | Entry: 197.96223368292658 | Expiration: 15min | Risk: LOW | ID: GBP/JPY_1753943281
2025-07-31 06:28:44 - signals - INFO - [logger.py:159] - SIGNAL_GENERATED | Pair: USD/JPY | Direction: CALL | Confidence: 87.6% | Entry: 148.98612492901157 | Expiration: 18min | Risk: LOW | ID: USD/JPY_1753943324
2025-07-31 06:37:45 - signals - INFO - [logger.py:159] - SIGNAL_GENERATED | Pair: USD/JPY | Direction: CALL | Confidence: 85.7% | Entry: 149.01049062498385 | Expiration: 1min | Risk: LOW | ID: USD/JPY_1753943865
2025-07-31 06:42:11 - signals - INFO - [logger.py:159] - SIGNAL_GENERATED | Pair: EUR/USD | Direction: PUT | Confidence: 71.5% | Entry: 1.1500140468355526 | Expiration: 1min | Risk: LOW | ID: EUR/USD_1753944131
2025-07-31 06:48:21 - signals - INFO - [logger.py:159] - SIGNAL_GENERATED | Pair: EUR/USD | Direction: CALL | Confidence: 65% | Entry: 1.1500101676075296 | Expiration: 1min | Risk: MEDIUM | ID: EUR/USD_1753944501
2025-07-31 06:50:02 - signals - INFO - [logger.py:159] - SIGNAL_GENERATED | Pair: EUR/USD | Direction: PUT | Confidence: 65% | Entry: 1.1500338844339464 | Expiration: 1min | Risk: MEDIUM | ID: EUR/USD_1753944602
2025-07-31 06:51:52 - signals - INFO - [logger.py:159] - SIGNAL_GENERATED | Pair: GBP/JPY | Direction: CALL | Confidence: 93.4% | Entry: 197.9655675487123 | Expiration: 1min | Risk: LOW | ID: GBP/JPY_1753944712
2025-07-31 06:52:29 - signals - INFO - [logger.py:159] - SIGNAL_GENERATED | Pair: CAD/JPY | Direction: CALL | Confidence: 88.9% | Entry: 107.90813452549591 | Expiration: 1min | Risk: LOW | ID: CAD/JPY_1753944749
2025-07-31 06:53:09 - signals - INFO - [logger.py:159] - SIGNAL_GENERATED | Pair: CAD/JPY | Direction: CALL | Confidence: 92.4% | Entry: 107.9042954340187 | Expiration: 1min | Risk: LOW | ID: CAD/JPY_1753944789
2025-07-31 06:56:07 - signals - INFO - [logger.py:159] - SIGNAL_GENERATED | Pair: EUR/JPY | Direction: CALL | Confidence: 85.4% | Entry: 170.78466223029523 | Expiration: 1min | Risk: LOW | ID: EUR/JPY_1753944967
2025-07-31 06:56:18 - signals - INFO - [logger.py:159] - SIGNAL_GENERATED | Pair: EUR/JPY | Direction: CALL | Confidence: 94.7% | Entry: 170.8014791743983 | Expiration: 1min | Risk: LOW | ID: EUR/JPY_1753944978
2025-07-31 06:57:39 - signals - INFO - [logger.py:159] - SIGNAL_GENERATED | Pair: EUR/JPY | Direction: CALL | Confidence: 86.4% | Entry: 170.80469862297886 | Expiration: 1min | Risk: LOW | ID: EUR/JPY_1753945059
2025-07-31 06:59:40 - signals - INFO - [logger.py:159] - SIGNAL_GENERATED | Pair: EUR/JPY | Direction: CALL | Confidence: 91.6% | Entry: 170.77841099811565 | Expiration: 1min | Risk: LOW | ID: EUR/JPY_1753945180
2025-07-31 07:00:23 - signals - INFO - [logger.py:159] - SIGNAL_GENERATED | Pair: EUR/USD | Direction: CALL | Confidence: 65% | Entry: 1.1500802627930136 | Expiration: 1min | Risk: MEDIUM | ID: EUR/USD_1753945223
2025-07-31 07:02:13 - signals - INFO - [logger.py:159] - SIGNAL_GENERATED | Pair: AUD/USD | Direction: PUT | Confidence: 65% | Entry: 0.6459929074142309 | Expiration: 1min | Risk: MEDIUM | ID: AUD/USD_1753945333
2025-07-31 07:02:46 - signals - INFO - [logger.py:159] - SIGNAL_GENERATED | Pair: EUR/USD | Direction: PUT | Confidence: 65% | Entry: 1.150057728430957 | Expiration: 1min | Risk: MEDIUM | ID: EUR/USD_1753945366
2025-07-31 07:04:03 - signals - INFO - [logger.py:159] - SIGNAL_GENERATED | Pair: EUR/USD | Direction: PUT | Confidence: 66.3% | Entry: 1.1499636296449605 | Expiration: 1min | Risk: MEDIUM | ID: EUR/USD_1753945443
2025-07-31 07:05:29 - signals - INFO - [logger.py:159] - SIGNAL_GENERATED | Pair: EUR/USD | Direction: PUT | Confidence: 65% | Entry: 1.1499261959222442 | Expiration: 1min | Risk: MEDIUM | ID: EUR/USD_1753945529
2025-07-31 07:07:08 - signals - INFO - [logger.py:159] - SIGNAL_GENERATED | Pair: EUR/USD | Direction: PUT | Confidence: 65% | Entry: 1.1500891772882391 | Expiration: 1min | Risk: MEDIUM | ID: EUR/USD_1753945628
2025-07-31 07:08:28 - signals - INFO - [logger.py:159] - SIGNAL_GENERATED | Pair: EUR/USD | Direction: PUT | Confidence: 65% | Entry: 1.1498955230835064 | Expiration: 1min | Risk: MEDIUM | ID: EUR/USD_1753945708
2025-07-31 07:10:48 - signals - INFO - [logger.py:159] - SIGNAL_GENERATED | Pair: EUR/USD | Direction: CALL | Confidence: 65% | Entry: 1.150062033838952 | Expiration: 1min | Risk: MEDIUM | ID: EUR/USD_1753945848
2025-07-31 07:11:45 - signals - INFO - [logger.py:159] - SIGNAL_GENERATED | Pair: GBP/USD | Direction: CALL | Confidence: 65% | Entry: 1.3300282332851707 | Expiration: 1min | Risk: MEDIUM | ID: GBP/USD_1753945905
2025-07-31 07:13:31 - signals - INFO - [logger.py:159] - SIGNAL_GENERATED | Pair: GBP/USD | Direction: PUT | Confidence: 65% | Entry: 1.3299780357717488 | Expiration: 1min | Risk: MEDIUM | ID: GBP/USD_1753946011
2025-07-31 07:14:58 - signals - INFO - [logger.py:159] - SIGNAL_GENERATED | Pair: GBP/USD | Direction: PUT | Confidence: 76.0% | Entry: 1.3300315623925718 | Expiration: 5min | Risk: LOW | ID: GBP/USD_1753946098
2025-07-31 07:16:22 - signals - INFO - [logger.py:159] - SIGNAL_GENERATED | Pair: GBP/USD | Direction: PUT | Confidence: 66.8% | Entry: 1.3300111325119344 | Expiration: 5min | Risk: MEDIUM | ID: GBP/USD_1753946182
2025-07-31 07:29:49 - signals - INFO - [logger.py:159] - SIGNAL_GENERATED | Pair: GBP/USD | Direction: CALL | Confidence: 65% | Entry: 1.3299560862097382 | Expiration: 5min | Risk: MEDIUM | ID: GBP/USD_1753946989
2025-07-31 07:30:30 - signals - INFO - [logger.py:159] - SIGNAL_GENERATED | Pair: GBP/USD | Direction: PUT | Confidence: 67.3% | Entry: 1.3299741941825318 | Expiration: 5min | Risk: MEDIUM | ID: GBP/USD_1753947030
2025-07-31 07:32:17 - signals - INFO - [logger.py:159] - SIGNAL_GENERATED | Pair: EUR/USD | Direction: CALL | Confidence: 65% | Entry: 1.1499691216714254 | Expiration: 1min | Risk: MEDIUM | ID: EUR/USD_1753947137
2025-07-31 07:34:36 - signals - INFO - [logger.py:159] - SIGNAL_GENERATED | Pair: EUR/USD | Direction: CALL | Confidence: 65% | Entry: 1.1500846836430758 | Expiration: 1min | Risk: MEDIUM | ID: EUR/USD_1753947276
2025-07-31 07:40:38 - signals - INFO - [logger.py:159] - SIGNAL_GENERATED | Pair: GBP/USD | Direction: CALL | Confidence: 65% | Entry: 1.3299057659434832 | Expiration: 5min | Risk: MEDIUM | ID: GBP/USD_1753947638
2025-07-31 07:41:01 - signals - INFO - [logger.py:159] - SIGNAL_GENERATED | Pair: USD/JPY | Direction: CALL | Confidence: 83.4% | Entry: 148.99344188611605 | Expiration: 1min | Risk: LOW | ID: USD/JPY_1753947661
2025-07-31 07:43:29 - signals - INFO - [logger.py:159] - SIGNAL_GENERATED | Pair: USD/JPY | Direction: CALL | Confidence: 95% | Entry: 149.01063932659457 | Expiration: 5min | Risk: LOW | ID: USD/JPY_1753947809
2025-07-31 07:49:20 - signals - INFO - [logger.py:159] - SIGNAL_GENERATED | Pair: GBP/USD | Direction: PUT | Confidence: 65% | Entry: 1.3300413252774168 | Expiration: 1min | Risk: MEDIUM | ID: GBP/USD_1753948160
2025-07-31 07:53:34 - signals - INFO - [logger.py:159] - SIGNAL_GENERATED | Pair: EUR/JPY | Direction: CALL | Confidence: 86.8% | Entry: 170.80511090860554 | Expiration: 18min | Risk: LOW | ID: EUR/JPY_1753948414
2025-07-31 07:57:14 - signals - INFO - [logger.py:159] - SIGNAL_GENERATED | Pair: USD/JPY | Direction: CALL | Confidence: 94.0% | Entry: 149.01228605131539 | Expiration: 5min | Risk: LOW | ID: USD/JPY_1753948634
2025-07-31 07:57:46 - signals - INFO - [logger.py:159] - SIGNAL_GENERATED | Pair: EUR/GBP | Direction: PUT | Confidence: 65% | Entry: 0.8629813387627638 | Expiration: 1min | Risk: MEDIUM | ID: EUR/GBP_1753948666
2025-07-31 07:59:16 - signals - INFO - [logger.py:159] - SIGNAL_GENERATED | Pair: GBP/USD | Direction: PUT | Confidence: 65% | Entry: 1.3298859026176462 | Expiration: 1min | Risk: MEDIUM | ID: GBP/USD_1753948756
2025-07-31 08:00:22 - signals - INFO - [logger.py:159] - SIGNAL_GENERATED | Pair: GBP/USD | Direction: PUT | Confidence: 65% | Entry: 1.329945923883141 | Expiration: 1min | Risk: MEDIUM | ID: GBP/USD_1753948822
2025-07-31 08:21:00 - signals - INFO - [logger.py:159] - SIGNAL_GENERATED | Pair: GBP/USD | Direction: PUT | Confidence: 65% | Entry: 1.3301286152078307 | Expiration: 5min | Risk: MEDIUM | ID: GBP/USD_1753950060
2025-07-31 08:23:25 - signals - INFO - [logger.py:159] - SIGNAL_GENERATED | Pair: GBP/USD | Direction: CALL | Confidence: 65% | Entry: 1.329982383436118 | Expiration: 5min | Risk: MEDIUM | ID: GBP/USD_1753950205
2025-07-31 08:26:53 - signals - INFO - [logger.py:159] - SIGNAL_GENERATED | Pair: EUR/USD | Direction: CALL | Confidence: 65% | Entry: 1.1501001324875157 | Expiration: 5min | Risk: MEDIUM | ID: EUR/USD_1753950413
2025-07-31 08:27:33 - signals - INFO - [logger.py:159] - SIGNAL_GENERATED | Pair: EUR/JPY | Direction: CALL | Confidence: 90.8% | Entry: 170.79964431993483 | Expiration: 1min | Risk: LOW | ID: EUR/JPY_1753950453
2025-07-31 08:29:29 - signals - INFO - [logger.py:159] - SIGNAL_GENERATED | Pair: GBP/USD | Direction: PUT | Confidence: 68.6% | Entry: 1.3300641505028192 | Expiration: 1min | Risk: MEDIUM | ID: GBP/USD_1753950569
2025-07-31 08:32:37 - signals - INFO - [logger.py:159] - SIGNAL_GENERATED | Pair: USD/JPY | Direction: CALL | Confidence: 81.2% | Entry: 149.000505906252 | Expiration: 5min | Risk: LOW | ID: USD/JPY_1753950757
2025-07-31 08:32:44 - signals - INFO - [logger.py:159] - SIGNAL_GENERATED | Pair: USD/JPY | Direction: CALL | Confidence: 81.9% | Entry: 149.0111875448484 | Expiration: 5min | Risk: LOW | ID: USD/JPY_1753950764
2025-07-31 08:39:41 - signals - INFO - [logger.py:159] - SIGNAL_GENERATED | Pair: GBP/USD | Direction: PUT | Confidence: 65% | Entry: 1.3300535176895818 | Expiration: 5min | Risk: MEDIUM | ID: GBP/USD_1753951181
2025-07-31 08:46:53 - signals - INFO - [logger.py:159] - SIGNAL_GENERATED | Pair: USD/JPY | Direction: CALL | Confidence: 82.7% | Entry: 149.01191765007195 | Expiration: 5min | Risk: LOW | ID: USD/JPY_1753951613
2025-07-31 08:52:36 - signals - INFO - [logger.py:159] - SIGNAL_GENERATED | Pair: USD/CHF | Direction: PUT | Confidence: 65% | Entry: 0.811940101649501 | Expiration: 5min | Risk: MEDIUM | ID: USD/CHF_1753951956
2025-07-31 08:59:48 - signals - INFO - [logger.py:159] - SIGNAL_GENERATED | Pair: AUD/JPY | Direction: CALL | Confidence: 86.1% | Entry: 96.21227276627131 | Expiration: 5min | Risk: LOW | ID: AUD/JPY_1753952388
2025-07-31 09:00:30 - signals - INFO - [logger.py:159] - SIGNAL_GENERATED | Pair: GBP/JPY | Direction: CALL | Confidence: 92.3% | Entry: 197.96267408778021 | Expiration: 17min | Risk: LOW | ID: GBP/JPY_1753952430
2025-07-31 09:01:55 - signals - INFO - [logger.py:159] - SIGNAL_GENERATED | Pair: AUD/JPY | Direction: CALL | Confidence: 85.7% | Entry: 96.21293010933371 | Expiration: 5min | Risk: LOW | ID: AUD/JPY_1753952515
2025-07-31 09:02:50 - signals - INFO - [logger.py:159] - SIGNAL_GENERATED | Pair: GBP/JPY | Direction: CALL | Confidence: 94.1% | Entry: 197.94682550688916 | Expiration: 5min | Risk: LOW | ID: GBP/JPY_1753952570
2025-07-31 09:06:15 - signals - INFO - [logger.py:159] - SIGNAL_GENERATED | Pair: GBP/USD | Direction: PUT | Confidence: 66.1% | Entry: 1.3300819406054636 | Expiration: 1min | Risk: MEDIUM | ID: GBP/USD_1753952775
2025-07-31 09:12:45 - signals - INFO - [logger.py:159] - SIGNAL_GENERATED | Pair: GBP/JPY | Direction: CALL | Confidence: 82.3% | Entry: 197.93622824222828 | Expiration: 5min | Risk: LOW | ID: GBP/JPY_1753953165
2025-07-31 09:17:47 - signals - INFO - [logger.py:159] - SIGNAL_GENERATED | Pair: USD/JPY | Direction: CALL | Confidence: 93.2% | Entry: 148.99618775511638 | Expiration: 5min | Risk: LOW | ID: USD/JPY_1753953467
2025-07-31 09:23:21 - signals - INFO - [logger.py:159] - SIGNAL_GENERATED | Pair: EUR/USD | Direction: PUT | Confidence: 65% | Entry: 1.1498913930778791 | Expiration: 5min | Risk: MEDIUM | ID: EUR/USD_1753953801
2025-07-31 09:23:24 - signals - INFO - [logger.py:159] - SIGNAL_GENERATED | Pair: USD/JPY | Direction: CALL | Confidence: 90.9% | Entry: 148.99696184563203 | Expiration: 5min | Risk: LOW | ID: USD/JPY_1753953804
2025-07-31 09:25:11 - signals - INFO - [logger.py:159] - SIGNAL_GENERATED | Pair: EUR/USD | Direction: CALL | Confidence: 65% | Entry: 1.1499939322772141 | Expiration: 1min | Risk: MEDIUM | ID: EUR/USD_1753953911
2025-07-31 09:27:18 - signals - INFO - [logger.py:159] - SIGNAL_GENERATED | Pair: EUR/GBP | Direction: CALL | Confidence: 65% | Entry: 0.8629581008781478 | Expiration: 5min | Risk: MEDIUM | ID: EUR/GBP_1753954038
2025-07-31 09:29:37 - signals - INFO - [logger.py:159] - SIGNAL_GENERATED | Pair: EUR/GBP | Direction: PUT | Confidence: 65% | Entry: 0.8629236103942729 | Expiration: 5min | Risk: MEDIUM | ID: EUR/GBP_1753954177
2025-07-31 09:36:51 - signals - INFO - [logger.py:159] - SIGNAL_GENERATED | Pair: EUR/CHF | Direction: PUT | Confidence: 65% | Entry: 0.9300785386877773 | Expiration: 5min | Risk: MEDIUM | ID: EUR/CHF_1753954611
2025-07-31 09:37:13 - signals - INFO - [logger.py:159] - SIGNAL_GENERATED | Pair: EUR/CHF | Direction: PUT | Confidence: 65% | Entry: 0.9299177971518461 | Expiration: 1min | Risk: MEDIUM | ID: EUR/CHF_1753954633
2025-07-31 09:37:33 - signals - INFO - [logger.py:159] - SIGNAL_GENERATED | Pair: GBP/JPY | Direction: CALL | Confidence: 86.6% | Entry: 197.93224864250584 | Expiration: 240min | Risk: LOW | ID: GBP/JPY_1753954653
2025-07-31 09:37:35 - signals - INFO - [logger.py:159] - SIGNAL_GENERATED | Pair: GBP/USD | Direction: CALL | Confidence: 65% | Entry: 1.3301255079748513 | Expiration: 240min | Risk: MEDIUM | ID: GBP/USD_1753954655
2025-07-31 09:37:47 - signals - INFO - [logger.py:159] - SIGNAL_GENERATED | Pair: EUR/CHF | Direction: PUT | Confidence: 69.7% | Entry: 0.9299968783986661 | Expiration: 5min | Risk: MEDIUM | ID: EUR/CHF_1753954667
2025-07-31 09:37:55 - signals - INFO - [logger.py:159] - SIGNAL_GENERATED | Pair: CAD/JPY | Direction: CALL | Confidence: 92.0% | Entry: 107.92074215176027 | Expiration: 5min | Risk: LOW | ID: CAD/JPY_1753954675
2025-07-31 09:38:17 - signals - INFO - [logger.py:159] - SIGNAL_GENERATED | Pair: EUR/CHF | Direction: CALL | Confidence: 65% | Entry: 0.929929394115545 | Expiration: 5min | Risk: MEDIUM | ID: EUR/CHF_1753954697
2025-07-31 09:39:35 - signals - INFO - [logger.py:159] - SIGNAL_GENERATED | Pair: CAD/JPY | Direction: CALL | Confidence: 89.8% | Entry: 107.90592979727778 | Expiration: 1min | Risk: LOW | ID: CAD/JPY_1753954775
2025-07-31 09:41:58 - signals - INFO - [logger.py:159] - SIGNAL_GENERATED | Pair: AUD/JPY | Direction: CALL | Confidence: 86.3% | Entry: 96.2032319379835 | Expiration: 1min | Risk: LOW | ID: AUD/JPY_1753954918
2025-07-31 09:43:18 - signals - INFO - [logger.py:159] - SIGNAL_GENERATED | Pair: AUD/JPY | Direction: CALL | Confidence: 95% | Entry: 96.20795380401604 | Expiration: 1min | Risk: LOW | ID: AUD/JPY_1753954998
2025-07-31 09:43:35 - signals - INFO - [logger.py:159] - SIGNAL_GENERATED | Pair: AUD/JPY | Direction: CALL | Confidence: 91.4% | Entry: 96.21814802897293 | Expiration: 1min | Risk: LOW | ID: AUD/JPY_1753955015
2025-07-31 09:45:14 - signals - INFO - [logger.py:159] - SIGNAL_GENERATED | Pair: AUD/USD | Direction: PUT | Confidence: 71.6% | Entry: 0.6459520527278015 | Expiration: 5min | Risk: LOW | ID: AUD/USD_1753955114
2025-07-31 09:46:51 - signals - INFO - [logger.py:159] - SIGNAL_GENERATED | Pair: AUD/USD | Direction: PUT | Confidence: 65% | Entry: 0.6460396943577104 | Expiration: 5min | Risk: MEDIUM | ID: AUD/USD_1753955211
2025-07-31 09:48:26 - signals - INFO - [logger.py:159] - SIGNAL_GENERATED | Pair: AUD/USD | Direction: CALL | Confidence: 65% | Entry: 0.6459845099186415 | Expiration: 5min | Risk: MEDIUM | ID: AUD/USD_1753955306
2025-07-31 09:48:40 - signals - INFO - [logger.py:159] - SIGNAL_GENERATED | Pair: AUD/USD | Direction: CALL | Confidence: 65% | Entry: 0.6459570117796916 | Expiration: 5min | Risk: MEDIUM | ID: AUD/USD_1753955320
2025-07-31 09:48:52 - signals - INFO - [logger.py:159] - SIGNAL_GENERATED | Pair: AUD/USD | Direction: CALL | Confidence: 65% | Entry: 0.64594692012683 | Expiration: 1min | Risk: MEDIUM | ID: AUD/USD_1753955332
2025-07-31 09:49:48 - signals - INFO - [logger.py:159] - SIGNAL_GENERATED | Pair: GBP/USD | Direction: PUT | Confidence: 65% | Entry: 1.3298847217748622 | Expiration: 5min | Risk: MEDIUM | ID: GBP/USD_1753955388
2025-07-31 09:49:57 - signals - INFO - [logger.py:159] - SIGNAL_GENERATED | Pair: GBP/USD | Direction: CALL | Confidence: 65% | Entry: 1.3301072254872792 | Expiration: 1min | Risk: MEDIUM | ID: GBP/USD_1753955397
2025-07-31 09:50:24 - signals - INFO - [logger.py:159] - SIGNAL_GENERATED | Pair: GBP/USD | Direction: CALL | Confidence: 65% | Entry: 1.3300047504286783 | Expiration: 5min | Risk: MEDIUM | ID: GBP/USD_1753955424
2025-07-31 09:50:54 - signals - INFO - [logger.py:159] - SIGNAL_GENERATED | Pair: GBP/USD | Direction: PUT | Confidence: 65% | Entry: 1.330097036016294 | Expiration: 5min | Risk: MEDIUM | ID: GBP/USD_1753955454
2025-07-31 09:51:08 - signals - INFO - [logger.py:159] - SIGNAL_GENERATED | Pair: GBP/USD | Direction: PUT | Confidence: 65% | Entry: 1.3301285339800353 | Expiration: 5min | Risk: MEDIUM | ID: GBP/USD_1753955468
2025-07-31 09:52:11 - signals - INFO - [logger.py:159] - SIGNAL_GENERATED | Pair: GBP/USD | Direction: PUT | Confidence: 65% | Entry: 1.3301214264747208 | Expiration: 5min | Risk: MEDIUM | ID: GBP/USD_1753955531
2025-07-31 09:52:22 - signals - INFO - [logger.py:159] - SIGNAL_GENERATED | Pair: GBP/USD | Direction: PUT | Confidence: 76.3% | Entry: 1.3298680031690981 | Expiration: 5min | Risk: LOW | ID: GBP/USD_1753955542
2025-07-31 09:52:31 - signals - INFO - [logger.py:159] - SIGNAL_GENERATED | Pair: EUR/USD | Direction: CALL | Confidence: 68.0% | Entry: 1.1500281554493863 | Expiration: 5min | Risk: MEDIUM | ID: EUR/USD_1753955551
2025-07-31 09:53:04 - signals - INFO - [logger.py:159] - SIGNAL_GENERATED | Pair: EUR/USD | Direction: CALL | Confidence: 65% | Entry: 1.1499652718003615 | Expiration: 5min | Risk: MEDIUM | ID: EUR/USD_1753955584
2025-07-31 09:53:14 - signals - INFO - [logger.py:159] - SIGNAL_GENERATED | Pair: EUR/USD | Direction: CALL | Confidence: 65% | Entry: 1.149888837198883 | Expiration: 1min | Risk: MEDIUM | ID: EUR/USD_1753955594
2025-07-31 09:53:41 - signals - INFO - [logger.py:159] - SIGNAL_GENERATED | Pair: GBP/USD | Direction: PUT | Confidence: 69.1% | Entry: 1.3299968871872725 | Expiration: 5min | Risk: MEDIUM | ID: GBP/USD_1753955621
2025-07-31 09:53:52 - signals - INFO - [logger.py:159] - SIGNAL_GENERATED | Pair: GBP/USD | Direction: PUT | Confidence: 79.6% | Entry: 1.3301297756684098 | Expiration: 1min | Risk: LOW | ID: GBP/USD_1753955632
2025-07-31 09:55:38 - signals - INFO - [logger.py:159] - SIGNAL_GENERATED | Pair: EUR/USD | Direction: PUT | Confidence: 65% | Entry: 1.1498991130451843 | Expiration: 1min | Risk: MEDIUM | ID: EUR/USD_1753955738
2025-07-31 09:55:58 - signals - INFO - [logger.py:159] - SIGNAL_GENERATED | Pair: EUR/USD | Direction: PUT | Confidence: 65% | Entry: 1.149998864086074 | Expiration: 5min | Risk: MEDIUM | ID: EUR/USD_1753955758
2025-07-31 09:56:25 - signals - INFO - [logger.py:159] - SIGNAL_GENERATED | Pair: EUR/USD | Direction: PUT | Confidence: 65% | Entry: 1.1499565538247802 | Expiration: 1min | Risk: MEDIUM | ID: EUR/USD_1753955785
2025-07-31 09:57:46 - signals - INFO - [logger.py:159] - SIGNAL_GENERATED | Pair: EUR/USD | Direction: CALL | Confidence: 65% | Entry: 1.1499701818667034 | Expiration: 1min | Risk: MEDIUM | ID: EUR/USD_1753955866
2025-07-31 09:57:53 - signals - INFO - [logger.py:159] - SIGNAL_GENERATED | Pair: EUR/USD | Direction: PUT | Confidence: 65% | Entry: 1.150023817246516 | Expiration: 5min | Risk: MEDIUM | ID: EUR/USD_1753955873
2025-07-31 09:58:09 - signals - INFO - [logger.py:159] - SIGNAL_GENERATED | Pair: EUR/USD | Direction: CALL | Confidence: 65% | Entry: 1.1499249213119236 | Expiration: 5min | Risk: MEDIUM | ID: EUR/USD_1753955889
2025-07-31 10:01:41 - signals - INFO - [logger.py:159] - SIGNAL_GENERATED | Pair: CAD/JPY | Direction: CALL | Confidence: 88.6% | Entry: 107.91775458593439 | Expiration: 5min | Risk: LOW | ID: CAD/JPY_1753956101
2025-07-31 10:04:53 - signals - INFO - [logger.py:159] - SIGNAL_GENERATED | Pair: EUR/USD | Direction: PUT | Confidence: 65% | Entry: 1.1500272804136547 | Expiration: 5min | Risk: MEDIUM | ID: EUR/USD_1753956293
2025-07-31 10:06:09 - signals - INFO - [logger.py:159] - SIGNAL_GENERATED | Pair: EUR/USD | Direction: PUT | Confidence: 65% | Entry: 1.1500131439528913 | Expiration: 27min | Risk: MEDIUM | ID: EUR/USD_1753956369
2025-07-31 10:15:15 - signals - INFO - [logger.py:159] - SIGNAL_GENERATED | Pair: EUR/JPY | Direction: CALL | Confidence: 94.4% | Entry: 170.7766424724678 | Expiration: 5min | Risk: LOW | ID: EUR/JPY_1753956915
2025-07-31 10:15:18 - signals - INFO - [logger.py:159] - SIGNAL_GENERATED | Pair: EUR/USD | Direction: PUT | Confidence: 65% | Entry: 1.1499748390899989 | Expiration: 1min | Risk: MEDIUM | ID: EUR/USD_1753956918
2025-07-31 10:16:42 - signals - INFO - [logger.py:159] - SIGNAL_GENERATED | Pair: EUR/USD | Direction: CALL | Confidence: 65% | Entry: 1.1499333944716974 | Expiration: 5min | Risk: MEDIUM | ID: EUR/USD_1753957002
2025-07-31 10:16:53 - signals - INFO - [logger.py:159] - SIGNAL_GENERATED | Pair: EUR/USD | Direction: CALL | Confidence: 65% | Entry: 1.1499208600692516 | Expiration: 1min | Risk: MEDIUM | ID: EUR/USD_1753957013
2025-07-31 10:17:23 - signals - INFO - [logger.py:159] - SIGNAL_GENERATED | Pair: AUD/USD | Direction: CALL | Confidence: 65% | Entry: 0.6460333573421386 | Expiration: 1min | Risk: MEDIUM | ID: AUD/USD_1753957043
2025-07-31 10:18:40 - signals - INFO - [logger.py:159] - SIGNAL_GENERATED | Pair: AUD/USD | Direction: PUT | Confidence: 69.3% | Entry: 0.6460330179593282 | Expiration: 5min | Risk: MEDIUM | ID: AUD/USD_1753957120
2025-07-31 10:19:23 - signals - INFO - [logger.py:159] - SIGNAL_GENERATED | Pair: AUD/USD | Direction: CALL | Confidence: 65% | Entry: 0.6460573881911621 | Expiration: 1min | Risk: MEDIUM | ID: AUD/USD_1753957163
2025-07-31 10:19:30 - signals - INFO - [logger.py:159] - SIGNAL_GENERATED | Pair: AUD/USD | Direction: PUT | Confidence: 65% | Entry: 0.6460020703533145 | Expiration: 5min | Risk: MEDIUM | ID: AUD/USD_1753957170
2025-07-31 10:20:41 - signals - INFO - [logger.py:159] - SIGNAL_GENERATED | Pair: AUD/USD | Direction: PUT | Confidence: 65% | Entry: 0.646021867887975 | Expiration: 5min | Risk: MEDIUM | ID: AUD/USD_1753957241
2025-07-31 10:21:48 - signals - INFO - [logger.py:159] - SIGNAL_GENERATED | Pair: AUD/USD | Direction: PUT | Confidence: 68.9% | Entry: 0.6460248745274845 | Expiration: 1min | Risk: MEDIUM | ID: AUD/USD_1753957308
2025-07-31 10:22:12 - signals - INFO - [logger.py:159] - SIGNAL_GENERATED | Pair: AUD/USD | Direction: CALL | Confidence: 65% | Entry: 0.6460111836239432 | Expiration: 1min | Risk: MEDIUM | ID: AUD/USD_1753957332
2025-07-31 10:22:51 - signals - INFO - [logger.py:159] - SIGNAL_GENERATED | Pair: AUD/USD | Direction: PUT | Confidence: 65% | Entry: 0.6459482458047542 | Expiration: 1min | Risk: MEDIUM | ID: AUD/USD_1753957371
2025-07-31 10:24:08 - signals - INFO - [logger.py:159] - SIGNAL_GENERATED | Pair: AUD/USD | Direction: PUT | Confidence: 65% | Entry: 0.645968800539653 | Expiration: 30min | Risk: MEDIUM | ID: AUD/USD_1753957448
2025-07-31 10:24:24 - signals - INFO - [logger.py:159] - SIGNAL_GENERATED | Pair: AUD/USD | Direction: CALL | Confidence: 65% | Entry: 0.6459868888015458 | Expiration: 1min | Risk: MEDIUM | ID: AUD/USD_1753957464
2025-07-31 10:24:33 - signals - INFO - [logger.py:159] - SIGNAL_GENERATED | Pair: AUD/USD | Direction: PUT | Confidence: 70.9% | Entry: 0.6460349098020521 | Expiration: 5min | Risk: LOW | ID: AUD/USD_1753957473
2025-07-31 10:24:42 - signals - INFO - [logger.py:159] - SIGNAL_GENERATED | Pair: AUD/USD | Direction: PUT | Confidence: 65% | Entry: 0.6459900029389193 | Expiration: 30min | Risk: MEDIUM | ID: AUD/USD_1753957482
2025-07-31 10:26:37 - signals - INFO - [logger.py:159] - SIGNAL_GENERATED | Pair: EUR/CHF | Direction: PUT | Confidence: 68.0% | Entry: 0.9300028857112258 | Expiration: 5min | Risk: MEDIUM | ID: EUR/CHF_1753957597
2025-07-31 10:26:48 - signals - INFO - [logger.py:159] - SIGNAL_GENERATED | Pair: EUR/CHF | Direction: PUT | Confidence: 65% | Entry: 0.929951633736536 | Expiration: 5min | Risk: MEDIUM | ID: EUR/CHF_1753957608
2025-07-31 10:27:47 - signals - INFO - [logger.py:159] - SIGNAL_GENERATED | Pair: EUR/CHF | Direction: CALL | Confidence: 65% | Entry: 0.929946764749573 | Expiration: 5min | Risk: MEDIUM | ID: EUR/CHF_1753957667
2025-07-31 10:27:59 - signals - INFO - [logger.py:159] - SIGNAL_GENERATED | Pair: EUR/CHF | Direction: PUT | Confidence: 65% | Entry: 0.9300051299533976 | Expiration: 1min | Risk: MEDIUM | ID: EUR/CHF_1753957679
2025-07-31 10:28:11 - signals - INFO - [logger.py:159] - SIGNAL_GENERATED | Pair: EUR/CHF | Direction: PUT | Confidence: 68.8% | Entry: 0.9300086823268578 | Expiration: 5min | Risk: MEDIUM | ID: EUR/CHF_1753957691
2025-07-31 10:28:49 - signals - INFO - [logger.py:159] - SIGNAL_GENERATED | Pair: EUR/CHF | Direction: PUT | Confidence: 68.1% | Entry: 0.9300265390479938 | Expiration: 1min | Risk: MEDIUM | ID: EUR/CHF_1753957729
2025-07-31 10:30:51 - signals - INFO - [logger.py:159] - SIGNAL_GENERATED | Pair: USD/CHF | Direction: CALL | Confidence: 65% | Entry: 0.8119462094633115 | Expiration: 1min | Risk: MEDIUM | ID: USD/CHF_1753957851
2025-07-31 10:32:11 - signals - INFO - [logger.py:159] - SIGNAL_GENERATED | Pair: EUR/USD | Direction: PUT | Confidence: 66.1% | Entry: 1.1500877083046612 | Expiration: 5min | Risk: MEDIUM | ID: EUR/USD_1753957931
2025-07-31 10:32:26 - signals - INFO - [logger.py:159] - SIGNAL_GENERATED | Pair: EUR/USD | Direction: PUT | Confidence: 65% | Entry: 1.1499946343469474 | Expiration: 5min | Risk: MEDIUM | ID: EUR/USD_1753957946
2025-07-31 10:33:03 - signals - INFO - [logger.py:159] - SIGNAL_GENERATED | Pair: EUR/USD | Direction: CALL | Confidence: 65% | Entry: 1.1501034866804 | Expiration: 1min | Risk: MEDIUM | ID: EUR/USD_1753957983
2025-07-31 10:33:11 - signals - INFO - [logger.py:159] - SIGNAL_GENERATED | Pair: EUR/USD | Direction: PUT | Confidence: 65% | Entry: 1.1500220426885401 | Expiration: 5min | Risk: MEDIUM | ID: EUR/USD_1753957991
2025-07-31 10:34:57 - signals - INFO - [logger.py:159] - SIGNAL_GENERATED | Pair: EUR/JPY | Direction: CALL | Confidence: 90.0% | Entry: 170.80700402114743 | Expiration: 5min | Risk: LOW | ID: EUR/JPY_1753958097
2025-07-31 10:35:28 - signals - INFO - [logger.py:159] - SIGNAL_GENERATED | Pair: EUR/USD | Direction: PUT | Confidence: 65% | Entry: 1.149968204367687 | Expiration: 5min | Risk: MEDIUM | ID: EUR/USD_1753958128
2025-07-31 10:35:46 - signals - INFO - [logger.py:159] - SIGNAL_GENERATED | Pair: EUR/USD | Direction: PUT | Confidence: 65% | Entry: 1.1499671230461388 | Expiration: 1min | Risk: MEDIUM | ID: EUR/USD_1753958146
2025-07-31 10:37:10 - signals - INFO - [logger.py:159] - SIGNAL_GENERATED | Pair: EUR/GBP | Direction: PUT | Confidence: 65% | Entry: 0.8630774983924627 | Expiration: 39min | Risk: MEDIUM | ID: EUR/GBP_1753958230
2025-07-31 10:37:17 - signals - INFO - [logger.py:159] - SIGNAL_GENERATED | Pair: EUR/USD | Direction: PUT | Confidence: 65% | Entry: 1.1500583182157942 | Expiration: 5min | Risk: MEDIUM | ID: EUR/USD_1753958237
2025-07-31 10:37:24 - signals - INFO - [logger.py:159] - SIGNAL_GENERATED | Pair: EUR/GBP | Direction: CALL | Confidence: 65% | Entry: 0.8629891492912983 | Expiration: 5min | Risk: MEDIUM | ID: EUR/GBP_1753958244
2025-07-31 10:37:41 - signals - INFO - [logger.py:159] - SIGNAL_GENERATED | Pair: EUR/GBP | Direction: CALL | Confidence: 65% | Entry: 0.8629277396764058 | Expiration: 5min | Risk: MEDIUM | ID: EUR/GBP_1753958261
2025-07-31 10:37:51 - signals - INFO - [logger.py:159] - SIGNAL_GENERATED | Pair: EUR/GBP | Direction: CALL | Confidence: 65% | Entry: 0.8629190935619024 | Expiration: 5min | Risk: MEDIUM | ID: EUR/GBP_1753958271
2025-07-31 10:39:23 - signals - INFO - [logger.py:159] - SIGNAL_GENERATED | Pair: EUR/GBP | Direction: PUT | Confidence: 65% | Entry: 0.8630720295360328 | Expiration: 5min | Risk: MEDIUM | ID: EUR/GBP_1753958363
2025-07-31 10:39:39 - signals - INFO - [logger.py:159] - SIGNAL_GENERATED | Pair: EUR/GBP | Direction: PUT | Confidence: 65.8% | Entry: 0.8629638555809755 | Expiration: 5min | Risk: MEDIUM | ID: EUR/GBP_1753958379
2025-07-31 10:39:50 - signals - INFO - [logger.py:159] - SIGNAL_GENERATED | Pair: EUR/GBP | Direction: PUT | Confidence: 65% | Entry: 0.8629756819761545 | Expiration: 1min | Risk: MEDIUM | ID: EUR/GBP_1753958390
2025-07-31 10:40:11 - signals - INFO - [logger.py:159] - SIGNAL_GENERATED | Pair: EUR/GBP | Direction: CALL | Confidence: 65% | Entry: 0.86302142267567 | Expiration: 28min | Risk: MEDIUM | ID: EUR/GBP_1753958411
2025-07-31 10:40:35 - signals - INFO - [logger.py:159] - SIGNAL_GENERATED | Pair: EUR/GBP | Direction: PUT | Confidence: 70.2% | Entry: 0.8629707468576485 | Expiration: 5min | Risk: LOW | ID: EUR/GBP_1753958435
2025-07-31 10:41:15 - signals - INFO - [logger.py:159] - SIGNAL_GENERATED | Pair: EUR/GBP | Direction: CALL | Confidence: 65% | Entry: 0.8629948826326455 | Expiration: 1min | Risk: MEDIUM | ID: EUR/GBP_1753958475
2025-07-31 10:41:38 - signals - INFO - [logger.py:159] - SIGNAL_GENERATED | Pair: EUR/GBP | Direction: PUT | Confidence: 65% | Entry: 0.86296421043279 | Expiration: 1min | Risk: MEDIUM | ID: EUR/GBP_1753958498
2025-07-31 10:41:48 - signals - INFO - [logger.py:159] - SIGNAL_GENERATED | Pair: EUR/GBP | Direction: PUT | Confidence: 65% | Entry: 0.8630166356026127 | Expiration: 5min | Risk: MEDIUM | ID: EUR/GBP_1753958508
2025-07-31 10:42:10 - signals - INFO - [logger.py:159] - SIGNAL_GENERATED | Pair: EUR/GBP | Direction: CALL | Confidence: 65% | Entry: 0.8630130752552907 | Expiration: 1min | Risk: MEDIUM | ID: EUR/GBP_1753958530
2025-07-31 10:43:16 - signals - INFO - [logger.py:159] - SIGNAL_GENERATED | Pair: AUD/USD | Direction: PUT | Confidence: 65% | Entry: 0.6459738978473908 | Expiration: 5min | Risk: MEDIUM | ID: AUD/USD_1753958596
2025-07-31 10:43:27 - signals - INFO - [logger.py:159] - SIGNAL_GENERATED | Pair: AUD/USD | Direction: CALL | Confidence: 65% | Entry: 0.6459871486693837 | Expiration: 1min | Risk: MEDIUM | ID: AUD/USD_1753958607
2025-07-31 10:43:51 - signals - INFO - [logger.py:159] - SIGNAL_GENERATED | Pair: AUD/USD | Direction: PUT | Confidence: 65% | Entry: 0.6460406268284546 | Expiration: 15min | Risk: MEDIUM | ID: AUD/USD_1753958631
2025-07-31 10:44:05 - signals - INFO - [logger.py:159] - SIGNAL_GENERATED | Pair: AUD/USD | Direction: PUT | Confidence: 71.2% | Entry: 0.646028346945243 | Expiration: 5min | Risk: LOW | ID: AUD/USD_1753958645
2025-07-31 11:01:02 - signals - INFO - [logger.py:159] - SIGNAL_GENERATED | Pair: AUD/USD | Direction: PUT | Confidence: 68.9% | Entry: 0.6459559213386376 | Expiration: 5min | Risk: MEDIUM | ID: AUD/USD_1753959662
2025-07-31 11:01:20 - signals - INFO - [logger.py:159] - SIGNAL_GENERATED | Pair: AUD/USD | Direction: PUT | Confidence: 65% | Entry: 0.6459769331941156 | Expiration: 5min | Risk: MEDIUM | ID: AUD/USD_1753959680
2025-07-31 11:01:39 - signals - INFO - [logger.py:159] - SIGNAL_GENERATED | Pair: AUD/USD | Direction: CALL | Confidence: 65% | Entry: 0.6459704894877443 | Expiration: 1min | Risk: MEDIUM | ID: AUD/USD_1753959699
2025-07-31 11:01:47 - signals - INFO - [logger.py:159] - SIGNAL_GENERATED | Pair: AUD/USD | Direction: PUT | Confidence: 65% | Entry: 0.6459629550478527 | Expiration: 5min | Risk: MEDIUM | ID: AUD/USD_1753959707
2025-07-31 11:02:03 - signals - INFO - [logger.py:159] - SIGNAL_GENERATED | Pair: AUD/USD | Direction: CALL | Confidence: 66.8% | Entry: 0.6460574423993832 | Expiration: 5min | Risk: MEDIUM | ID: AUD/USD_1753959723
2025-07-31 11:02:13 - signals - INFO - [logger.py:159] - SIGNAL_GENERATED | Pair: AUD/USD | Direction: CALL | Confidence: 65% | Entry: 0.6459647395954005 | Expiration: 5min | Risk: MEDIUM | ID: AUD/USD_1753959733
2025-07-31 11:02:25 - signals - INFO - [logger.py:159] - SIGNAL_GENERATED | Pair: AUD/USD | Direction: CALL | Confidence: 65% | Entry: 0.6459871801455573 | Expiration: 1min | Risk: MEDIUM | ID: AUD/USD_1753959745
2025-07-31 11:02:54 - signals - INFO - [logger.py:159] - SIGNAL_GENERATED | Pair: AUD/USD | Direction: PUT | Confidence: 65% | Entry: 0.6460119790729734 | Expiration: 5min | Risk: MEDIUM | ID: AUD/USD_1753959774
2025-07-31 11:03:37 - signals - INFO - [logger.py:159] - SIGNAL_GENERATED | Pair: EUR/USD | Direction: PUT | Confidence: 65% | Entry: 1.150079897470676 | Expiration: 5min | Risk: MEDIUM | ID: EUR/USD_1753959817
2025-07-31 11:03:51 - signals - INFO - [logger.py:159] - SIGNAL_GENERATED | Pair: EUR/USD | Direction: CALL | Confidence: 65% | Entry: 1.150020286833316 | Expiration: 1min | Risk: MEDIUM | ID: EUR/USD_1753959831
2025-07-31 11:04:06 - signals - INFO - [logger.py:159] - SIGNAL_GENERATED | Pair: EUR/USD | Direction: CALL | Confidence: 65% | Entry: 1.1501137044564191 | Expiration: 1min | Risk: MEDIUM | ID: EUR/USD_1753959846
2025-07-31 11:04:13 - signals - INFO - [logger.py:159] - SIGNAL_GENERATED | Pair: EUR/USD | Direction: PUT | Confidence: 65% | Entry: 1.1500045829803787 | Expiration: 5min | Risk: MEDIUM | ID: EUR/USD_1753959853
2025-07-31 11:05:09 - signals - INFO - [logger.py:159] - SIGNAL_GENERATED | Pair: EUR/USD | Direction: CALL | Confidence: 65% | Entry: 1.1498962137594753 | Expiration: 5min | Risk: MEDIUM | ID: EUR/USD_1753959909
2025-07-31 11:05:31 - signals - INFO - [logger.py:159] - SIGNAL_GENERATED | Pair: EUR/USD | Direction: PUT | Confidence: 65% | Entry: 1.1499745701458344 | Expiration: 5min | Risk: MEDIUM | ID: EUR/USD_1753959931
2025-07-31 11:05:42 - signals - INFO - [logger.py:159] - SIGNAL_GENERATED | Pair: EUR/USD | Direction: PUT | Confidence: 65% | Entry: 1.1500524972991057 | Expiration: 5min | Risk: MEDIUM | ID: EUR/USD_1753959942
2025-07-31 11:06:17 - signals - INFO - [logger.py:159] - SIGNAL_GENERATED | Pair: AUD/USD | Direction: PUT | Confidence: 65% | Entry: 0.6459566514367261 | Expiration: 1min | Risk: MEDIUM | ID: AUD/USD_1753959977
2025-07-31 11:06:41 - signals - INFO - [logger.py:159] - SIGNAL_GENERATED | Pair: EUR/USD | Direction: PUT | Confidence: 65% | Entry: 1.1500297186337325 | Expiration: 5min | Risk: MEDIUM | ID: EUR/USD_1753960001
2025-07-31 11:07:40 - signals - INFO - [logger.py:159] - SIGNAL_GENERATED | Pair: EUR/USD | Direction: PUT | Confidence: 65% | Entry: 1.1499050423067616 | Expiration: 5min | Risk: MEDIUM | ID: EUR/USD_1753960060
2025-07-31 11:08:10 - signals - INFO - [logger.py:159] - SIGNAL_GENERATED | Pair: EUR/USD | Direction: PUT | Confidence: 65% | Entry: 1.1500352896609236 | Expiration: 1min | Risk: MEDIUM | ID: EUR/USD_1753960090
2025-07-31 11:08:25 - signals - INFO - [logger.py:159] - SIGNAL_GENERATED | Pair: EUR/USD | Direction: PUT | Confidence: 65% | Entry: 1.1499163243357537 | Expiration: 1min | Risk: MEDIUM | ID: EUR/USD_1753960105
2025-07-31 11:08:44 - signals - INFO - [logger.py:159] - SIGNAL_GENERATED | Pair: EUR/USD | Direction: PUT | Confidence: 65% | Entry: 1.150095497623306 | Expiration: 1min | Risk: MEDIUM | ID: EUR/USD_1753960124
2025-07-31 11:09:03 - signals - INFO - [logger.py:159] - SIGNAL_GENERATED | Pair: EUR/USD | Direction: PUT | Confidence: 65% | Entry: 1.149917953513829 | Expiration: 1min | Risk: MEDIUM | ID: EUR/USD_1753960143
2025-07-31 11:09:22 - signals - INFO - [logger.py:159] - SIGNAL_GENERATED | Pair: EUR/USD | Direction: PUT | Confidence: 65% | Entry: 1.1499595021789886 | Expiration: 1min | Risk: MEDIUM | ID: EUR/USD_1753960162
2025-07-31 11:09:56 - signals - INFO - [logger.py:159] - SIGNAL_GENERATED | Pair: CAD/JPY | Direction: CALL | Confidence: 88.9% | Entry: 107.91648288972698 | Expiration: 1min | Risk: LOW | ID: CAD/JPY_1753960196
2025-07-31 11:10:15 - signals - INFO - [logger.py:159] - SIGNAL_GENERATED | Pair: CAD/JPY | Direction: CALL | Confidence: 92.7% | Entry: 107.91555857518739 | Expiration: 1min | Risk: LOW | ID: CAD/JPY_1753960215
2025-07-31 11:10:30 - signals - INFO - [logger.py:159] - SIGNAL_GENERATED | Pair: CAD/JPY | Direction: CALL | Confidence: 87.3% | Entry: 107.90265546930037 | Expiration: 5min | Risk: LOW | ID: CAD/JPY_1753960230
2025-07-31 11:11:52 - signals - INFO - [logger.py:159] - SIGNAL_GENERATED | Pair: CAD/JPY | Direction: CALL | Confidence: 86.0% | Entry: 107.91588374858576 | Expiration: 5min | Risk: LOW | ID: CAD/JPY_1753960312
2025-07-31 11:12:05 - signals - INFO - [logger.py:159] - SIGNAL_GENERATED | Pair: CAD/JPY | Direction: CALL | Confidence: 86.2% | Entry: 107.90528167819723 | Expiration: 1min | Risk: LOW | ID: CAD/JPY_1753960325
2025-07-31 11:12:17 - signals - INFO - [logger.py:159] - SIGNAL_GENERATED | Pair: EUR/CHF | Direction: CALL | Confidence: 65% | Entry: 0.9299992971673379 | Expiration: 1min | Risk: MEDIUM | ID: EUR/CHF_1753960337
2025-07-31 11:12:50 - signals - INFO - [logger.py:159] - SIGNAL_GENERATED | Pair: EUR/CHF | Direction: CALL | Confidence: 65% | Entry: 0.9300777329659206 | Expiration: 5min | Risk: MEDIUM | ID: EUR/CHF_1753960370
2025-07-31 11:13:28 - signals - INFO - [logger.py:159] - SIGNAL_GENERATED | Pair: CAD/JPY | Direction: CALL | Confidence: 94.2% | Entry: 107.90776748937002 | Expiration: 5min | Risk: LOW | ID: CAD/JPY_1753960408
2025-07-31 11:13:34 - signals - INFO - [logger.py:159] - SIGNAL_GENERATED | Pair: CAD/JPY | Direction: CALL | Confidence: 94.4% | Entry: 107.90245478868069 | Expiration: 1min | Risk: LOW | ID: CAD/JPY_1753960414
2025-07-31 11:14:02 - signals - INFO - [logger.py:159] - SIGNAL_GENERATED | Pair: CAD/JPY | Direction: CALL | Confidence: 90.4% | Entry: 107.90164704292145 | Expiration: 1min | Risk: LOW | ID: CAD/JPY_1753960442
2025-07-31 11:14:20 - signals - INFO - [logger.py:159] - SIGNAL_GENERATED | Pair: CAD/JPY | Direction: CALL | Confidence: 94.1% | Entry: 107.91263487129366 | Expiration: 1min | Risk: LOW | ID: CAD/JPY_1753960460
2025-07-31 11:14:35 - signals - INFO - [logger.py:159] - SIGNAL_GENERATED | Pair: CAD/JPY | Direction: CALL | Confidence: 92.0% | Entry: 107.90963684302369 | Expiration: 1min | Risk: LOW | ID: CAD/JPY_1753960475
2025-07-31 11:14:55 - signals - INFO - [logger.py:159] - SIGNAL_GENERATED | Pair: CAD/JPY | Direction: CALL | Confidence: 85.7% | Entry: 107.91251975846716 | Expiration: 1min | Risk: LOW | ID: CAD/JPY_1753960495
2025-07-31 11:15:09 - signals - INFO - [logger.py:159] - SIGNAL_GENERATED | Pair: CAD/JPY | Direction: CALL | Confidence: 87.2% | Entry: 107.91575249676472 | Expiration: 1min | Risk: LOW | ID: CAD/JPY_1753960509
2025-07-31 11:16:01 - signals - INFO - [logger.py:159] - SIGNAL_GENERATED | Pair: EUR/CHF | Direction: PUT | Confidence: 65% | Entry: 0.9299680867867247 | Expiration: 1min | Risk: MEDIUM | ID: EUR/CHF_1753960561
2025-07-31 11:16:29 - signals - INFO - [logger.py:159] - SIGNAL_GENERATED | Pair: EUR/CHF | Direction: CALL | Confidence: 65% | Entry: 0.9299074386966814 | Expiration: 1min | Risk: MEDIUM | ID: EUR/CHF_1753960589
2025-07-31 11:17:06 - signals - INFO - [logger.py:159] - SIGNAL_GENERATED | Pair: EUR/CHF | Direction: CALL | Confidence: 65% | Entry: 0.9299332689108052 | Expiration: 1min | Risk: MEDIUM | ID: EUR/CHF_1753960625
2025-07-31 11:18:04 - signals - INFO - [logger.py:159] - SIGNAL_GENERATED | Pair: EUR/CHF | Direction: PUT | Confidence: 65% | Entry: 0.9300806012519303 | Expiration: 1min | Risk: MEDIUM | ID: EUR/CHF_1753960684
2025-07-31 11:18:24 - signals - INFO - [logger.py:159] - SIGNAL_GENERATED | Pair: EUR/CHF | Direction: PUT | Confidence: 65% | Entry: 0.9300407601052776 | Expiration: 5min | Risk: MEDIUM | ID: EUR/CHF_1753960704
2025-07-31 11:19:00 - signals - INFO - [logger.py:159] - SIGNAL_GENERATED | Pair: EUR/CHF | Direction: PUT | Confidence: 65% | Entry: 0.929982696137789 | Expiration: 5min | Risk: MEDIUM | ID: EUR/CHF_1753960740
2025-07-31 11:20:53 - signals - INFO - [logger.py:159] - SIGNAL_GENERATED | Pair: EUR/CHF | Direction: PUT | Confidence: 65% | Entry: 0.9299418480491568 | Expiration: 1min | Risk: MEDIUM | ID: EUR/CHF_1753960852
2025-07-31 11:21:10 - signals - INFO - [logger.py:159] - SIGNAL_GENERATED | Pair: EUR/CHF | Direction: PUT | Confidence: 65% | Entry: 0.929985632509757 | Expiration: 5min | Risk: MEDIUM | ID: EUR/CHF_1753960870
2025-07-31 11:22:50 - signals - INFO - [logger.py:159] - SIGNAL_GENERATED | Pair: EUR/CHF | Direction: CALL | Confidence: 65% | Entry: 0.9300132676490428 | Expiration: 1min | Risk: MEDIUM | ID: EUR/CHF_1753960970
2025-07-31 11:23:01 - signals - INFO - [logger.py:159] - SIGNAL_GENERATED | Pair: EUR/CHF | Direction: CALL | Confidence: 65% | Entry: 0.9300355064407098 | Expiration: 5min | Risk: MEDIUM | ID: EUR/CHF_1753960981
2025-07-31 11:23:25 - signals - INFO - [logger.py:159] - SIGNAL_GENERATED | Pair: EUR/CHF | Direction: PUT | Confidence: 65% | Entry: 0.9300003298371159 | Expiration: 1min | Risk: MEDIUM | ID: EUR/CHF_1753961005
2025-07-31 11:23:52 - signals - INFO - [logger.py:159] - SIGNAL_GENERATED | Pair: EUR/USD | Direction: PUT | Confidence: 65% | Entry: 1.1499740822704834 | Expiration: 1min | Risk: MEDIUM | ID: EUR/USD_1753961032
2025-07-31 11:23:59 - signals - INFO - [logger.py:159] - SIGNAL_GENERATED | Pair: EUR/USD | Direction: PUT | Confidence: 68.3% | Entry: 1.1498901312249834 | Expiration: 5min | Risk: MEDIUM | ID: EUR/USD_1753961039
2025-07-31 11:24:24 - signals - INFO - [logger.py:159] - SIGNAL_GENERATED | Pair: EUR/USD | Direction: PUT | Confidence: 65% | Entry: 1.150070872907277 | Expiration: 15min | Risk: MEDIUM | ID: EUR/USD_1753961064
2025-07-31 11:24:49 - signals - INFO - [logger.py:159] - SIGNAL_GENERATED | Pair: EUR/USD | Direction: CALL | Confidence: 65% | Entry: 1.1500009256934867 | Expiration: 15min | Risk: MEDIUM | ID: EUR/USD_1753961089
2025-07-31 11:25:10 - signals - INFO - [logger.py:159] - SIGNAL_GENERATED | Pair: EUR/USD | Direction: PUT | Confidence: 67.5% | Entry: 1.1500028394857378 | Expiration: 15min | Risk: MEDIUM | ID: EUR/USD_1753961110
2025-07-31 11:25:44 - signals - INFO - [logger.py:159] - SIGNAL_GENERATED | Pair: EUR/USD | Direction: PUT | Confidence: 65% | Entry: 1.1499008640383501 | Expiration: 5min | Risk: MEDIUM | ID: EUR/USD_1753961144
2025-07-31 11:25:56 - signals - INFO - [logger.py:159] - SIGNAL_GENERATED | Pair: EUR/USD | Direction: PUT | Confidence: 65% | Entry: 1.1500389967683955 | Expiration: 1min | Risk: MEDIUM | ID: EUR/USD_1753961156
2025-07-31 11:26:11 - signals - INFO - [logger.py:159] - SIGNAL_GENERATED | Pair: EUR/USD | Direction: PUT | Confidence: 65% | Entry: 1.1500159381481485 | Expiration: 5min | Risk: MEDIUM | ID: EUR/USD_1753961171
2025-07-31 11:26:20 - signals - INFO - [logger.py:159] - SIGNAL_GENERATED | Pair: EUR/USD | Direction: PUT | Confidence: 65% | Entry: 1.1499358065574647 | Expiration: 30min | Risk: MEDIUM | ID: EUR/USD_1753961180
2025-07-31 11:26:31 - signals - INFO - [logger.py:159] - SIGNAL_GENERATED | Pair: EUR/USD | Direction: PUT | Confidence: 65% | Entry: 1.1500123270438498 | Expiration: 15min | Risk: MEDIUM | ID: EUR/USD_1753961191
2025-07-31 11:27:11 - signals - INFO - [logger.py:159] - SIGNAL_GENERATED | Pair: GBP/USD | Direction: PUT | Confidence: 65% | Entry: 1.3299649278712875 | Expiration: 5min | Risk: MEDIUM | ID: GBP/USD_1753961231
2025-07-31 11:27:34 - signals - INFO - [logger.py:159] - SIGNAL_GENERATED | Pair: GBP/USD | Direction: CALL | Confidence: 65% | Entry: 1.3300692791230917 | Expiration: 5min | Risk: MEDIUM | ID: GBP/USD_1753961254
2025-07-31 11:27:59 - signals - INFO - [logger.py:159] - SIGNAL_GENERATED | Pair: GBP/USD | Direction: PUT | Confidence: 65% | Entry: 1.3301305347812262 | Expiration: 1min | Risk: MEDIUM | ID: GBP/USD_1753961279
2025-07-31 11:28:33 - signals - INFO - [logger.py:159] - SIGNAL_GENERATED | Pair: EUR/USD | Direction: PUT | Confidence: 65% | Entry: 1.1499729281065931 | Expiration: 5min | Risk: MEDIUM | ID: EUR/USD_1753961313
2025-07-31 11:28:45 - signals - INFO - [logger.py:159] - SIGNAL_GENERATED | Pair: EUR/USD | Direction: CALL | Confidence: 65% | Entry: 1.1500897709393894 | Expiration: 5min | Risk: MEDIUM | ID: EUR/USD_1753961325
2025-07-31 11:28:56 - signals - INFO - [logger.py:159] - SIGNAL_GENERATED | Pair: EUR/USD | Direction: PUT | Confidence: 65% | Entry: 1.1501035192259295 | Expiration: 15min | Risk: MEDIUM | ID: EUR/USD_1753961336
2025-07-31 11:29:26 - signals - INFO - [logger.py:159] - SIGNAL_GENERATED | Pair: GBP/USD | Direction: PUT | Confidence: 65% | Entry: 1.3299046446953486 | Expiration: 5min | Risk: MEDIUM | ID: GBP/USD_1753961366
2025-07-31 11:29:47 - signals - INFO - [logger.py:159] - SIGNAL_GENERATED | Pair: GBP/USD | Direction: CALL | Confidence: 65% | Entry: 1.3300653658843784 | Expiration: 1min | Risk: MEDIUM | ID: GBP/USD_1753961387
2025-07-31 11:29:59 - signals - INFO - [logger.py:159] - SIGNAL_GENERATED | Pair: GBP/USD | Direction: PUT | Confidence: 65% | Entry: 1.3299816944469585 | Expiration: 1min | Risk: MEDIUM | ID: GBP/USD_1753961399
2025-07-31 11:30:18 - signals - INFO - [logger.py:159] - SIGNAL_GENERATED | Pair: GBP/USD | Direction: PUT | Confidence: 67.8% | Entry: 1.3301324161941137 | Expiration: 1min | Risk: MEDIUM | ID: GBP/USD_1753961418
2025-07-31 11:30:58 - signals - INFO - [logger.py:159] - SIGNAL_GENERATED | Pair: GBP/USD | Direction: PUT | Confidence: 65% | Entry: 1.3300029779879472 | Expiration: 1min | Risk: MEDIUM | ID: GBP/USD_1753961458
2025-07-31 11:31:15 - signals - INFO - [logger.py:159] - SIGNAL_GENERATED | Pair: GBP/USD | Direction: CALL | Confidence: 65% | Entry: 1.3300690816179928 | Expiration: 1min | Risk: MEDIUM | ID: GBP/USD_1753961475
2025-07-31 11:31:38 - signals - INFO - [logger.py:159] - SIGNAL_GENERATED | Pair: GBP/USD | Direction: CALL | Confidence: 65% | Entry: 1.3300335280167672 | Expiration: 1min | Risk: MEDIUM | ID: GBP/USD_1753961498
2025-07-31 11:33:34 - signals - INFO - [logger.py:159] - SIGNAL_GENERATED | Pair: AUD/JPY | Direction: CALL | Confidence: 95% | Entry: 96.21228222556482 | Expiration: 1min | Risk: LOW | ID: AUD/JPY_1753961614
2025-07-31 11:34:08 - signals - INFO - [logger.py:159] - SIGNAL_GENERATED | Pair: AUD/JPY | Direction: CALL | Confidence: 94.0% | Entry: 96.21600165068816 | Expiration: 1min | Risk: LOW | ID: AUD/JPY_1753961648
2025-07-31 11:34:58 - signals - INFO - [logger.py:159] - SIGNAL_GENERATED | Pair: AUD/JPY | Direction: CALL | Confidence: 95% | Entry: 96.21660442014036 | Expiration: 5min | Risk: LOW | ID: AUD/JPY_1753961698
2025-07-31 11:35:41 - signals - INFO - [logger.py:159] - SIGNAL_GENERATED | Pair: EUR/USD | Direction: PUT | Confidence: 66.4% | Entry: 1.1500446032668254 | Expiration: 5min | Risk: MEDIUM | ID: EUR/USD_1753961741
2025-07-31 11:36:43 - signals - INFO - [logger.py:159] - SIGNAL_GENERATED | Pair: EUR/USD | Direction: PUT | Confidence: 65% | Entry: 1.1500897040257194 | Expiration: 240min | Risk: MEDIUM | ID: EUR/USD_1753961803
2025-07-31 11:36:56 - signals - INFO - [logger.py:159] - SIGNAL_GENERATED | Pair: EUR/USD | Direction: CALL | Confidence: 65% | Entry: 1.1499756429353751 | Expiration: 60min | Risk: MEDIUM | ID: EUR/USD_1753961816
2025-07-31 11:38:45 - signals - INFO - [logger.py:159] - SIGNAL_GENERATED | Pair: EUR/USD | Direction: PUT | Confidence: 65% | Entry: 1.1500649249843233 | Expiration: 1min | Risk: MEDIUM | ID: EUR/USD_1753961925
2025-07-31 11:39:11 - signals - INFO - [logger.py:159] - SIGNAL_GENERATED | Pair: EUR/USD | Direction: PUT | Confidence: 65% | Entry: 1.149980471632973 | Expiration: 1min | Risk: MEDIUM | ID: EUR/USD_1753961951
2025-07-31 11:39:32 - signals - INFO - [logger.py:159] - SIGNAL_GENERATED | Pair: EUR/USD | Direction: CALL | Confidence: 65% | Entry: 1.14996592619289 | Expiration: 1min | Risk: MEDIUM | ID: EUR/USD_1753961971
